<?xml version="1.0" encoding="utf-8"?>
<TestRun id="a64cf7eb-f46a-4f14-b014-b78237bd147f" name="ADMIN@DESKTOP-FQPFPKE 2026-08-18 13:48:23" runUser="DESKTOP-FQPFPKE\ADMIN" xmlns="http://microsoft.com/schemas/VisualStudio/TeamTest/2010">
  <Times creation="2026-08-18T13:48:23.4652809+05:30" queuing="2026-08-18T13:48:23.4652810+05:30" start="2026-08-18T13:48:22.4397606+05:30" finish="2026-08-18T13:48:23.4691560+05:30" />
  <TestSettings name="default" id="f9442bb5-cfcb-45c5-9921-0ed7a4eaedbc">
    <Deployment runDeploymentRoot="ADMIN_DESKTOP-FQPFPKE_2026-08-18_13_48_23" />
  </TestSettings>
  <Results>
    <UnitTestResult executionId="436960f0-30d9-4074-90f9-59ec853c293f" testId="f9768893-d75e-7ddf-aaea-9ce278dfd3a8" testName="TraderIntelligence.Tests.Integration.SeedingAndStoreTests.Demo_seed_discovers_groups_reconstructs_and_scores" computerName="DESKTOP-FQPFPKE" duration="00:00:00.6597736" startTime="2026-08-18T13:48:23.3860125+05:30" endTime="2026-08-18T13:48:23.3860128+05:30" testType="13cdc9d9-ddb5-4fa4-a97d-d965ccfc6d4b" outcome="Passed" testListId="8c84fa94-04c1-424b-9868-57a2d4851a1d" relativeResultsDirectory="436960f0-30d9-4074-90f9-59ec853c293f" />
    <UnitTestResult executionId="17b6e356-acb5-478d-a960-5220b5d63ef3" testId="069961bd-85b5-11a8-8f2c-135fbe870a33" testName="TraderIntelligence.Tests.Integration.PlaceholderRemoved.Integration_project_loads" computerName="DESKTOP-FQPFPKE" duration="00:00:00.0015844" startTime="2026-08-18T13:48:22.7291311+05:30" endTime="2026-08-18T13:48:22.7291385+05:30" testType="13cdc9d9-ddb5-4fa4-a97d-d965ccfc6d4b" outcome="Passed" testListId="8c84fa94-04c1-424b-9868-57a2d4851a1d" relativeResultsDirectory="17b6e356-acb5-478d-a960-5220b5d63ef3" />
    <UnitTestResult executionId="348b86aa-d34a-413c-ad44-9fd84d01776c" testId="82b572d9-32f9-84f0-f7ca-7bc8e0cc5acc" testName="TraderIntelligence.Tests.Integration.SeedingAndStoreTests.Deal_upsert_is_idempotent" computerName="DESKTOP-FQPFPKE" duration="00:00:00.0199030" startTime="2026-08-18T13:48:23.4060028+05:30" endTime="2026-08-18T13:48:23.4060030+05:30" testType="13cdc9d9-ddb5-4fa4-a97d-d965ccfc6d4b" outcome="Passed" testListId="8c84fa94-04c1-424b-9868-57a2d4851a1d" relativeResultsDirectory="348b86aa-d34a-413c-ad44-9fd84d01776c" />
  </Results>
  <TestDefinitions>
    <UnitTest name="TraderIntelligence.Tests.Integration.PlaceholderRemoved.Integration_project_loads" storage="d:\prop\tests\integration\bin\debug\net8.0\traderintelligence.tests.integration.dll" id="069961bd-85b5-11a8-8f2c-135fbe870a33">
      <Execution id="17b6e356-acb5-478d-a960-5220b5d63ef3" />
      <TestMethod codeBase="D:\Prop\tests\Integration\bin\Debug\net8.0\TraderIntelligence.Tests.Integration.dll" adapterTypeName="executor://xunit/VsTestRunner2/netcoreapp" className="TraderIntelligence.Tests.Integration.PlaceholderRemoved" name="Integration_project_loads" />
    </UnitTest>
    <UnitTest name="TraderIntelligence.Tests.Integration.SeedingAndStoreTests.Deal_upsert_is_idempotent" storage="d:\prop\tests\integration\bin\debug\net8.0\traderintelligence.tests.integration.dll" id="82b572d9-32f9-84f0-f7ca-7bc8e0cc5acc">
      <Execution id="348b86aa-d34a-413c-ad44-9fd84d01776c" />
      <TestMethod codeBase="D:\Prop\tests\Integration\bin\Debug\net8.0\TraderIntelligence.Tests.Integration.dll" adapterTypeName="executor://xunit/VsTestRunner2/netcoreapp" className="TraderIntelligence.Tests.Integration.SeedingAndStoreTests" name="Deal_upsert_is_idempotent" />
    </UnitTest>
    <UnitTest name="TraderIntelligence.Tests.Integration.SeedingAndStoreTests.Demo_seed_discovers_groups_reconstructs_and_scores" storage="d:\prop\tests\integration\bin\debug\net8.0\traderintelligence.tests.integration.dll" id="f9768893-d75e-7ddf-aaea-9ce278dfd3a8">
      <Execution id="436960f0-30d9-4074-90f9-59ec853c293f" />
      <TestMethod codeBase="D:\Prop\tests\Integration\bin\Debug\net8.0\TraderIntelligence.Tests.Integration.dll" adapterTypeName="executor://xunit/VsTestRunner2/netcoreapp" className="TraderIntelligence.Tests.Integration.SeedingAndStoreTests" name="Demo_seed_discovers_groups_reconstructs_and_scores" />
    </UnitTest>
  </TestDefinitions>
  <TestEntries>
    <TestEntry testId="f9768893-d75e-7ddf-aaea-9ce278dfd3a8" executionId="436960f0-30d9-4074-90f9-59ec853c293f" testListId="8c84fa94-04c1-424b-9868-57a2d4851a1d" />
    <TestEntry testId="069961bd-85b5-11a8-8f2c-135fbe870a33" executionId="17b6e356-acb5-478d-a960-5220b5d63ef3" testListId="8c84fa94-04c1-424b-9868-57a2d4851a1d" />
    <TestEntry testId="82b572d9-32f9-84f0-f7ca-7bc8e0cc5acc" executionId="348b86aa-d34a-413c-ad44-9fd84d01776c" testListId="8c84fa94-04c1-424b-9868-57a2d4851a1d" />
  </TestEntries>
  <TestLists>
    <TestList name="Results Not in a List" id="8c84fa94-04c1-424b-9868-57a2d4851a1d" />
    <TestList name="All Loaded Results" id="19431567-8539-422a-85d7-44ee4e166bda" />
  </TestLists>
  <ResultSummary outcome="Completed">
    <Counters total="3" executed="3" passed="3" failed="0" error="0" timeout="0" aborted="0" inconclusive="0" passedButRunAborted="0" notRunnable="0" notExecuted="0" disconnected="0" warning="0" completed="0" inProgress="0" pending="0" />
    <Output>
      <StdOut>[xUnit.net 00:00:00.00] xUnit.net VSTest Adapter v2.5.3.1+6b60a9e56a (64-bit .NET 8.0.30)&#xD;
[xUnit.net 00:00:00.04]   Discovering: TraderIntelligence.Tests.Integration&#xD;
[xUnit.net 00:00:00.05]   Discovered:  TraderIntelligence.Tests.Integration&#xD;
[xUnit.net 00:00:00.05]   Starting:    TraderIntelligence.Tests.Integration&#xD;
[xUnit.net 00:00:00.76]   Finished:    TraderIntelligence.Tests.Integration&#xD;
</StdOut>
    </Output>
  </ResultSummary>
</TestRun>